# JRE version: OpenJDK Runtime Environment (8.0) (build 1.8.0-adoptopenjdk-_2018_05_19_00_59-b00)
# Java VM: OpenJDK 64-Bit Server VM (25.71-b00 mixed mode windows-amd64 compressed oops)
Heap:
 PSYoungGen      total 16384K, used 13618K [0x00000000ee200000, 0x00000000ef400000, 0x0000000100000000)
  eden space 14336K, 80% used [0x00000000ee200000,0x00000000eed54a08,0x00000000ef000000)
  from space 2048K, 98% used [0x00000000ef200000,0x00000000ef3f8010,0x00000000ef400000)
  to   space 2048K, 0% used [0x00000000ef000000,0x00000000ef000000,0x00000000ef200000)
 ParOldGen       total 36864K, used 3328K [0x00000000ca600000, 0x00000000cca00000, 0x00000000ee200000)
  object space 36864K, 9% used [0x00000000ca600000,0x00000000ca940220,0x00000000cca00000)
 Metaspace       used 16967K, capacity 17320K, committed 17536K, reserved 1067008K
  class space    used 1966K, capacity 2066K, committed 2176K, reserved 1048576K
GC Heap History (4 events):
Event: 0.600 GC heap before
{Heap before GC invocations=1 (full 0):
 PSYoungGen      total 16384K, used 14336K [0x00000000ee200000, 0x00000000ef400000, 0x0000000100000000)
  eden space 14336K, 100% used [0x00000000ee200000,0x00000000ef000000,0x00000000ef000000)
  from space 2048K, 0% used [0x00000000ef200000,0x00000000ef200000,0x00000000ef400000)
  to   space 2048K, 0% used [0x00000000ef000000,0x00000000ef000000,0x00000000ef200000)
 ParOldGen       total 36864K, used 0K [0x00000000ca600000, 0x00000000cca00000, 0x00000000ee200000)
  object space 36864K, 0% used [0x00000000ca600000,0x00000000ca600000,0x00000000cca00000)
 Metaspace       used 8046K, capacity 8308K, committed 8576K, reserved 1056768K
  class space    used 952K, capacity 1044K, committed 1152K, reserved 1048576K
Event: 0.605 GC heap after
Heap after GC invocations=1 (full 0):
 PSYoungGen      total 16384K, used 2033K [0x00000000ee200000, 0x00000000ef400000, 0x0000000100000000)
  eden space 14336K, 0% used [0x00000000ee200000,0x00000000ee200000,0x00000000ef000000)
  from space 2048K, 99% used [0x00000000ef000000,0x00000000ef1fc5e8,0x00000000ef200000)
  to   space 2048K, 0% used [0x00000000ef200000,0x00000000ef200000,0x00000000ef400000)
 ParOldGen       total 36864K, used 1117K [0x00000000ca600000, 0x00000000cca00000, 0x00000000ee200000)
  object space 36864K, 3% used [0x00000000ca600000,0x00000000ca717608,0x00000000cca00000)
 Metaspace       used 8046K, capacity 8308K, committed 8576K, reserved 1056768K
  class space    used 952K, capacity 1044K, committed 1152K, reserved 1048576K
}
Event: 1.161 GC heap before
{Heap before GC invocations=2 (full 0):
 PSYoungGen      total 16384K, used 16369K [0x00000000ee200000, 0x00000000ef400000, 0x0000000100000000)
  eden space 14336K, 100% used [0x00000000ee200000,0x00000000ef000000,0x00000000ef000000)
  from space 2048K, 99% used [0x00000000ef000000,0x00000000ef1fc5e8,0x00000000ef200000)
  to   space 2048K, 0% used [0x00000000ef200000,0x00000000ef200000,0x00000000ef400000)
 ParOldGen       total 36864K, used 1117K [0x00000000ca600000, 0x00000000cca00000, 0x00000000ee200000)
  object space 36864K, 3% used [0x00000000ca600000,0x00000000ca717608,0x00000000cca00000)
 Metaspace       used 11394K, capacity 11672K, committed 11904K, reserved 1060864K
  class space    used 1295K, capacity 1386K, committed 1408K, reserved 1048576K
Event: 1.167 GC heap after
Heap after GC invocations=2 (full 0):
 PSYoungGen      total 16384K, used 2016K [0x00000000ee200000, 0x00000000ef400000, 0x0000000100000000)
  eden space 14336K, 0% used [0x00000000ee200000,0x00000000ee200000,0x00000000ef000000)
  from space 2048K, 98% used [0x00000000ef200000,0x00000000ef3f8010,0x00000000ef400000)
  to   space 2048K, 0% used [0x00000000ef000000,0x00000000ef000000,0x00000000ef200000)
 ParOldGen       total 36864K, used 3328K [0x00000000ca600000, 0x00000000cca00000, 0x00000000ee200000)
  object space 36864K, 9% used [0x00000000ca600000,0x00000000ca940220,0x00000000cca00000)
 Metaspace       used 11394K, capacity 11672K, committed 11904K, reserved 1060864K
  class space    used 1295K, capacity 1386K, committed 1408K, reserved 1048576K
}

